METHOD:GET | PATH: "/" | STATUS:200 | res-time 1.625 ms
DATE: 21/Jan/2021:06:23:38 +0000 UTC Format
IP: ::1
________________________________________________________________________
METHOD:GET | PATH: "/" | STATUS:200 | res-time 0.160 ms
DATE: 21/Jan/2021:06:23:42 +0000 UTC Format
IP: ::1
________________________________________________________________________
METHOD:GET | PATH: "/" | STATUS:200 | res-time 0.283 ms
DATE: 21/Jan/2021:06:23:48 +0000 UTC Format
IP: ::1
________________________________________________________________________
METHOD:GET | PATH: "/" | STATUS:200 | res-time 0.168 ms
DATE: 21/Jan/2021:06:23:52 +0000 UTC Format
IP: ::1
________________________________________________________________________
METHOD:GET | PATH: "/" | STATUS:200 | res-time 0.157 ms
DATE: 21/Jan/2021:06:23:53 +0000 UTC Format
IP: ::1
________________________________________________________________________
METHOD:GET | PATH: "/" | STATUS:200 | res-time 0.157 ms
DATE: 21/Jan/2021:06:23:54 +0000 UTC Format
IP: ::1
________________________________________________________________________
METHOD:GET | PATH: "/api/" | STATUS:500 | res-time 7.672 ms
DATE: 22/Jan/2021:00:03:05 +0000 UTC Format
IP: ::1
________________________________________________________________________
METHOD:GET | PATH: "/api" | STATUS:500 | res-time 1.543 ms
DATE: 22/Jan/2021:00:03:08 +0000 UTC Format
IP: ::1
________________________________________________________________________
METHOD:GET | PATH: "/" | STATUS:200 | res-time 1.037 ms
DATE: 22/Jan/2021:00:03:25 +0000 UTC Format
IP: ::1
________________________________________________________________________
METHOD:GET | PATH: "/favicon.ico" | STATUS:404 | res-time 0.810 ms
DATE: 22/Jan/2021:00:03:25 +0000 UTC Format
IP: ::1
________________________________________________________________________
METHOD:GET | PATH: "/api" | STATUS:500 | res-time 6.607 ms
DATE: 22/Jan/2021:00:04:24 +0000 UTC Format
IP: ::1
________________________________________________________________________
METHOD:GET | PATH: "/api" | STATUS:500 | res-time 4.796 ms
DATE: 29/Jan/2021:23:44:55 +0000 UTC Format
IP: ::1
________________________________________________________________________
METHOD:GET | PATH: "/api/inventory" | STATUS:500 | res-time 1.430 ms
DATE: 29/Jan/2021:23:45:09 +0000 UTC Format
IP: ::1
________________________________________________________________________
METHOD:GET | PATH: "/api/inventory" | STATUS:500 | res-time 4.767 ms
DATE: 29/Jan/2021:23:45:57 +0000 UTC Format
IP: ::1
________________________________________________________________________
METHOD:GET | PATH: "/api/inventory" | STATUS:500 | res-time 5.515 ms
DATE: 29/Jan/2021:23:47:18 +0000 UTC Format
IP: ::1
________________________________________________________________________
METHOD:GET | PATH: "/api/inventory" | STATUS:500 | res-time 4.775 ms
DATE: 29/Jan/2021:23:48:41 +0000 UTC Format
IP: ::1
________________________________________________________________________
METHOD:GET | PATH: "/api" | STATUS:500 | res-time 1.375 ms
DATE: 29/Jan/2021:23:48:52 +0000 UTC Format
IP: ::1
________________________________________________________________________
METHOD:GET | PATH: "/api/" | STATUS:500 | res-time 1.248 ms
DATE: 29/Jan/2021:23:48:53 +0000 UTC Format
IP: ::1
________________________________________________________________________
METHOD:GET | PATH: "/api/" | STATUS:500 | res-time 4.469 ms
DATE: 29/Jan/2021:23:49:24 +0000 UTC Format
IP: ::1
________________________________________________________________________
METHOD:GET | PATH: "/api/" | STATUS:500 | res-time 4.756 ms
DATE: 29/Jan/2021:23:51:12 +0000 UTC Format
IP: ::1
________________________________________________________________________
METHOD:GET | PATH: "/api/" | STATUS:- | res-time - ms
DATE: 29/Jan/2021:23:54:03 +0000 UTC Format
IP: ::1
________________________________________________________________________
METHOD:GET | PATH: "/api/" | STATUS:- | res-time - ms
DATE: 29/Jan/2021:23:55:59 +0000 UTC Format
IP: ::1
________________________________________________________________________
METHOD:GET | PATH: "/api/" | STATUS:- | res-time - ms
DATE: 29/Jan/2021:23:58:19 +0000 UTC Format
IP: ::1
________________________________________________________________________
METHOD:GET | PATH: "/api/" | STATUS:500 | res-time 5.052 ms
DATE: 29/Jan/2021:23:59:58 +0000 UTC Format
IP: ::1
________________________________________________________________________
METHOD:GET | PATH: "/api/inventory" | STATUS:500 | res-time 1.750 ms
DATE: 30/Jan/2021:00:00:07 +0000 UTC Format
IP: ::1
________________________________________________________________________
METHOD:GET | PATH: "/api/inventory" | STATUS:500 | res-time 1.005 ms
DATE: 30/Jan/2021:00:00:10 +0000 UTC Format
IP: ::1
________________________________________________________________________
METHOD:GET | PATH: "/api/inventory" | STATUS:- | res-time - ms
DATE: 30/Jan/2021:00:00:30 +0000 UTC Format
IP: ::1
________________________________________________________________________
METHOD:GET | PATH: "/api/inventory" | STATUS:500 | res-time 4.780 ms
DATE: 30/Jan/2021:00:00:50 +0000 UTC Format
IP: ::1
________________________________________________________________________
METHOD:GET | PATH: "/api/inventory" | STATUS:500 | res-time 4.750 ms
DATE: 30/Jan/2021:00:01:20 +0000 UTC Format
IP: ::1
________________________________________________________________________
METHOD:GET | PATH: "/api/inventory" | STATUS:500 | res-time 5.062 ms
DATE: 30/Jan/2021:00:03:58 +0000 UTC Format
IP: ::1
________________________________________________________________________
METHOD:GET | PATH: "/api/inventory" | STATUS:500 | res-time 1.565 ms
DATE: 30/Jan/2021:00:04:00 +0000 UTC Format
IP: ::1
________________________________________________________________________
METHOD:GET | PATH: "/api/inventory" | STATUS:500 | res-time 5.369 ms
DATE: 30/Jan/2021:00:04:42 +0000 UTC Format
IP: ::1
________________________________________________________________________
METHOD:GET | PATH: "/api/inventory" | STATUS:500 | res-time 6.101 ms
DATE: 30/Jan/2021:00:05:06 +0000 UTC Format
IP: ::1
________________________________________________________________________
METHOD:GET | PATH: "/api/inventory" | STATUS:- | res-time - ms
DATE: 30/Jan/2021:00:06:34 +0000 UTC Format
IP: ::1
________________________________________________________________________
METHOD:GET | PATH: "/api/inventory" | STATUS:- | res-time - ms
DATE: 30/Jan/2021:00:13:12 +0000 UTC Format
IP: ::1
________________________________________________________________________
METHOD:GET | PATH: "/api/inventory" | STATUS:- | res-time - ms
DATE: 30/Jan/2021:03:36:38 +0000 UTC Format
IP: ::1
________________________________________________________________________
METHOD:GET | PATH: "/api/inventory/test" | STATUS:- | res-time - ms
DATE: 30/Jan/2021:03:37:07 +0000 UTC Format
IP: ::1
________________________________________________________________________
METHOD:GET | PATH: "/api/" | STATUS:- | res-time - ms
DATE: 30/Jan/2021:03:37:15 +0000 UTC Format
IP: ::1
________________________________________________________________________
METHOD:GET | PATH: "/" | STATUS:200 | res-time 1.173 ms
DATE: 30/Jan/2021:03:37:15 +0000 UTC Format
IP: ::1
________________________________________________________________________
METHOD:GET | PATH: "/api/inventory/test" | STATUS:- | res-time - ms
DATE: 30/Jan/2021:03:37:24 +0000 UTC Format
IP: ::1
________________________________________________________________________
METHOD:GET | PATH: "/api" | STATUS:- | res-time - ms
DATE: 30/Jan/2021:03:37:34 +0000 UTC Format
IP: ::1
________________________________________________________________________
METHOD:GET | PATH: "/" | STATUS:200 | res-time 0.959 ms
DATE: 30/Jan/2021:03:37:35 +0000 UTC Format
IP: ::1
________________________________________________________________________
METHOD:GET | PATH: "/api/inventory" | STATUS:- | res-time - ms
DATE: 30/Jan/2021:03:39:19 +0000 UTC Format
IP: ::1
________________________________________________________________________
